# JRE version: Java(TM) SE Runtime Environment (8.0_101-b13) (build 1.8.0_101-b13)
# Java VM: Java HotSpot(TM) 64-Bit Server VM (25.101-b13 mixed mode windows-amd64 compressed oops)
Heap:
 PSYoungGen      total 147968K, used 144202K [0x00000000eab00000, 0x00000000f5a00000, 0x0000000100000000)
  eden space 129024K, 97% used [0x00000000eab00000,0x00000000f2554670,0x00000000f2900000)
  from space 18944K, 99% used [0x00000000f2d80000,0x00000000f3ffe240,0x00000000f4000000)
  to   space 25088K, 0% used [0x00000000f4180000,0x00000000f4180000,0x00000000f5a00000)
 ParOldGen       total 72192K, used 37117K [0x00000000c0000000, 0x00000000c4680000, 0x00000000eab00000)
  object space 72192K, 51% used [0x00000000c0000000,0x00000000c243f598,0x00000000c4680000)
 Metaspace       used 56983K, capacity 58204K, committed 58496K, reserved 1099776K
  class space    used 7636K, capacity 7959K, committed 8064K, reserved 1048576K
GC Heap History (10 events):
Event: 75.014 GC heap before
{Heap before GC invocations=7 (full 1):
 PSYoungGen      total 136192K, used 92604K [0x00000000eab00000, 0x00000000f5080000, 0x0000000100000000)
  eden space 131072K, 66% used [0x00000000eab00000,0x00000000f0073610,0x00000000f2b00000)
  from space 5120K, 99% used [0x00000000f2b00000,0x00000000f2ffbd40,0x00000000f3000000)
  to   space 11264K, 0% used [0x00000000f4580000,0x00000000f4580000,0x00000000f5080000)
 ParOldGen       total 66560K, used 16961K [0x00000000c0000000, 0x00000000c4100000, 0x00000000eab00000)
  object space 66560K, 25% used [0x00000000c0000000,0x00000000c10907e0,0x00000000c4100000)
 Metaspace       used 34808K, capacity 35364K, committed 35456K, reserved 1079296K
  class space    used 4808K, capacity 4953K, committed 4992K, reserved 1048576K
Event: 75.028 GC heap after
Heap after GC invocations=7 (full 1):
 PSYoungGen      total 155136K, used 11239K [0x00000000eab00000, 0x00000000f7b00000, 0x0000000100000000)
  eden space 143872K, 0% used [0x00000000eab00000,0x00000000eab00000,0x00000000f3780000)
  from space 11264K, 99% used [0x00000000f4580000,0x00000000f5079cc8,0x00000000f5080000)
  to   space 14336K, 0% used [0x00000000f3780000,0x00000000f3780000,0x00000000f4580000)
 ParOldGen       total 66560K, used 19329K [0x00000000c0000000, 0x00000000c4100000, 0x00000000eab00000)
  object space 66560K, 29% used [0x00000000c0000000,0x00000000c12e0580,0x00000000c4100000)
 Metaspace       used 34808K, capacity 35364K, committed 35456K, reserved 1079296K
  class space    used 4808K, capacity 4953K, committed 4992K, reserved 1048576K
}
Event: 75.028 GC heap before
{Heap before GC invocations=8 (full 2):
 PSYoungGen      total 155136K, used 11239K [0x00000000eab00000, 0x00000000f7b00000, 0x0000000100000000)
  eden space 143872K, 0% used [0x00000000eab00000,0x00000000eab00000,0x00000000f3780000)
  from space 11264K, 99% used [0x00000000f4580000,0x00000000f5079cc8,0x00000000f5080000)
  to   space 14336K, 0% used [0x00000000f3780000,0x00000000f3780000,0x00000000f4580000)
 ParOldGen       total 66560K, used 19329K [0x00000000c0000000, 0x00000000c4100000, 0x00000000eab00000)
  object space 66560K, 29% used [0x00000000c0000000,0x00000000c12e0580,0x00000000c4100000)
 Metaspace       used 34808K, capacity 35364K, committed 35456K, reserved 1079296K
  class space    used 4808K, capacity 4953K, committed 4992K, reserved 1048576K
Event: 75.127 GC heap after
Heap after GC invocations=8 (full 2):
 PSYoungGen      total 155136K, used 0K [0x00000000eab00000, 0x00000000f7b00000, 0x0000000100000000)
  eden space 143872K, 0% used [0x00000000eab00000,0x00000000eab00000,0x00000000f3780000)
  from space 11264K, 0% used [0x00000000f4580000,0x00000000f4580000,0x00000000f5080000)
  to   space 14336K, 0% used [0x00000000f3780000,0x00000000f3780000,0x00000000f4580000)
 ParOldGen       total 72192K, used 20337K [0x00000000c0000000, 0x00000000c4680000, 0x00000000eab00000)
  object space 72192K, 28% used [0x00000000c0000000,0x00000000c13dc420,0x00000000c4680000)
 Metaspace       used 34808K, capacity 35364K, committed 35456K, reserved 1079296K
  class space    used 4808K, capacity 4953K, committed 4992K, reserved 1048576K
}
Event: 121.996 GC heap before
{Heap before GC invocations=9 (full 2):
 PSYoungGen      total 155136K, used 143872K [0x00000000eab00000, 0x00000000f7b00000, 0x0000000100000000)
  eden space 143872K, 100% used [0x00000000eab00000,0x00000000f3780000,0x00000000f3780000)
  from space 11264K, 0% used [0x00000000f4580000,0x00000000f4580000,0x00000000f5080000)
  to   space 14336K, 0% used [0x00000000f3780000,0x00000000f3780000,0x00000000f4580000)
 ParOldGen       total 72192K, used 20337K [0x00000000c0000000, 0x00000000c4680000, 0x00000000eab00000)
  object space 72192K, 28% used [0x00000000c0000000,0x00000000c13dc420,0x00000000c4680000)
 Metaspace       used 39620K, capacity 40214K, committed 40448K, reserved 1083392K
  class space    used 5394K, capacity 5532K, committed 5632K, reserved 1048576K
Event: 122.011 GC heap after
Heap after GC invocations=9 (full 2):
 PSYoungGen      total 148992K, used 10037K [0x00000000eab00000, 0x00000000f4e80000, 0x0000000100000000)
  eden space 138752K, 0% used [0x00000000eab00000,0x00000000eab00000,0x00000000f3280000)
  from space 10240K, 98% used [0x00000000f3780000,0x00000000f414d5d0,0x00000000f4180000)
  to   space 13312K, 0% used [0x00000000f4180000,0x00000000f4180000,0x00000000f4e80000)
 ParOldGen       total 72192K, used 20409K [0x00000000c0000000, 0x00000000c4680000, 0x00000000eab00000)
  object space 72192K, 28% used [0x00000000c0000000,0x00000000c13ee430,0x00000000c4680000)
 Metaspace       used 39620K, capacity 40214K, committed 40448K, reserved 1083392K
  class space    used 5394K, capacity 5532K, committed 5632K, reserved 1048576K
}
Event: 189.917 GC heap before
{Heap before GC invocations=10 (full 2):
 PSYoungGen      total 148992K, used 148789K [0x00000000eab00000, 0x00000000f4e80000, 0x0000000100000000)
  eden space 138752K, 100% used [0x00000000eab00000,0x00000000f3280000,0x00000000f3280000)
  from space 10240K, 98% used [0x00000000f3780000,0x00000000f414d5d0,0x00000000f4180000)
  to   space 13312K, 0% used [0x00000000f4180000,0x00000000f4180000,0x00000000f4e80000)
 ParOldGen       total 72192K, used 20409K [0x00000000c0000000, 0x00000000c4680000, 0x00000000eab00000)
  object space 72192K, 28% used [0x00000000c0000000,0x00000000c13ee430,0x00000000c4680000)
 Metaspace       used 45576K, capacity 46468K, committed 46592K, reserved 1089536K
  class space    used 6356K, capacity 6619K, committed 6656K, reserved 1048576K
Event: 189.933 GC heap after
Heap after GC invocations=10 (full 2):
 PSYoungGen      total 146944K, used 13305K [0x00000000eab00000, 0x00000000f5280000, 0x0000000100000000)
  eden space 133632K, 0% used [0x00000000eab00000,0x00000000eab00000,0x00000000f2d80000)
  from space 13312K, 99% used [0x00000000f4180000,0x00000000f4e7e400,0x00000000f4e80000)
  to   space 18944K, 0% used [0x00000000f2d80000,0x00000000f2d80000,0x00000000f4000000)
 ParOldGen       total 72192K, used 28166K [0x00000000c0000000, 0x00000000c4680000, 0x00000000eab00000)
  object space 72192K, 39% used [0x00000000c0000000,0x00000000c1b81a90,0x00000000c4680000)
 Metaspace       used 45576K, capacity 46468K, committed 46592K, reserved 1089536K
  class space    used 6356K, capacity 6619K, committed 6656K, reserved 1048576K
}
Event: 258.948 GC heap before
{Heap before GC invocations=11 (full 2):
 PSYoungGen      total 146944K, used 146937K [0x00000000eab00000, 0x00000000f5280000, 0x0000000100000000)
  eden space 133632K, 100% used [0x00000000eab00000,0x00000000f2d80000,0x00000000f2d80000)
  from space 13312K, 99% used [0x00000000f4180000,0x00000000f4e7e400,0x00000000f4e80000)
  to   space 18944K, 0% used [0x00000000f2d80000,0x00000000f2d80000,0x00000000f4000000)
 ParOldGen       total 72192K, used 28166K [0x00000000c0000000, 0x00000000c4680000, 0x00000000eab00000)
  object space 72192K, 39% used [0x00000000c0000000,0x00000000c1b81a90,0x00000000c4680000)
 Metaspace       used 55204K, capacity 56380K, committed 56576K, reserved 1097728K
  class space    used 7462K, capacity 7811K, committed 7936K, reserved 1048576K
Event: 258.987 GC heap after
Heap after GC invocations=11 (full 2):
 PSYoungGen      total 147968K, used 18936K [0x00000000eab00000, 0x00000000f5a00000, 0x0000000100000000)
  eden space 129024K, 0% used [0x00000000eab00000,0x00000000eab00000,0x00000000f2900000)
  from space 18944K, 99% used [0x00000000f2d80000,0x00000000f3ffe240,0x00000000f4000000)
  to   space 25088K, 0% used [0x00000000f4180000,0x00000000f4180000,0x00000000f5a00000)
 ParOldGen       total 72192K, used 37117K [0x00000000c0000000, 0x00000000c4680000, 0x00000000eab00000)
  object space 72192K, 51% used [0x00000000c0000000,0x00000000c243f598,0x00000000c4680000)
 Metaspace       used 55204K, capacity 56380K, committed 56576K, reserved 1097728K
  class space    used 7462K, capacity 7811K, committed 7936K, reserved 1048576K
}

