# JRE version: Java(TM) SE Runtime Environment (8.0_101-b13) (build 1.8.0_101-b13)
# Java VM: Java HotSpot(TM) 64-Bit Server VM (25.101-b13 mixed mode windows-amd64 compressed oops)
Heap:
 PSYoungGen      total 133632K, used 46977K [0x00000000eab00000, 0x00000000f4d00000, 0x0000000100000000)
  eden space 111616K, 22% used [0x00000000eab00000,0x00000000ec366150,0x00000000f1800000)
  from space 22016K, 99% used [0x00000000f3080000,0x00000000f45fa468,0x00000000f4600000)
  to   space 25088K, 0% used [0x00000000f1800000,0x00000000f1800000,0x00000000f3080000)
 ParOldGen       total 99840K, used 29539K [0x00000000c0000000, 0x00000000c6180000, 0x00000000eab00000)
  object space 99840K, 29% used [0x00000000c0000000,0x00000000c1cd8ee8,0x00000000c6180000)
 Metaspace       used 57073K, capacity 58336K, committed 58496K, reserved 1099776K
  class space    used 7649K, capacity 7989K, committed 8064K, reserved 1048576K
GC Heap History (10 events):
Event: 32.267 GC heap before
{Heap before GC invocations=14 (full 2):
 PSYoungGen      total 88576K, used 81531K [0x00000000eab00000, 0x00000000f1c80000, 0x0000000100000000)
  eden space 75776K, 100% used [0x00000000eab00000,0x00000000ef500000,0x00000000ef500000)
  from space 12800K, 44% used [0x00000000ef500000,0x00000000efa9ee10,0x00000000f0180000)
  to   space 12288K, 0% used [0x00000000f1080000,0x00000000f1080000,0x00000000f1c80000)
 ParOldGen       total 99840K, used 18564K [0x00000000c0000000, 0x00000000c6180000, 0x00000000eab00000)
  object space 99840K, 18% used [0x00000000c0000000,0x00000000c1221008,0x00000000c6180000)
 Metaspace       used 39554K, capacity 40198K, committed 40448K, reserved 1083392K
  class space    used 5386K, capacity 5532K, committed 5632K, reserved 1048576K
Event: 32.272 GC heap after
Heap after GC invocations=14 (full 2):
 PSYoungGen      total 100864K, used 7917K [0x00000000eab00000, 0x00000000f1b00000, 0x0000000100000000)
  eden space 90112K, 0% used [0x00000000eab00000,0x00000000eab00000,0x00000000f0300000)
  from space 10752K, 73% used [0x00000000f1080000,0x00000000f183b570,0x00000000f1b00000)
  to   space 12288K, 0% used [0x00000000f0300000,0x00000000f0300000,0x00000000f0f00000)
 ParOldGen       total 99840K, used 18572K [0x00000000c0000000, 0x00000000c6180000, 0x00000000eab00000)
  object space 99840K, 18% used [0x00000000c0000000,0x00000000c1223008,0x00000000c6180000)
 Metaspace       used 39554K, capacity 40198K, committed 40448K, reserved 1083392K
  class space    used 5386K, capacity 5532K, committed 5632K, reserved 1048576K
}
Event: 36.681 GC heap before
{Heap before GC invocations=15 (full 2):
 PSYoungGen      total 100864K, used 98029K [0x00000000eab00000, 0x00000000f1b00000, 0x0000000100000000)
  eden space 90112K, 100% used [0x00000000eab00000,0x00000000f0300000,0x00000000f0300000)
  from space 10752K, 73% used [0x00000000f1080000,0x00000000f183b570,0x00000000f1b00000)
  to   space 12288K, 0% used [0x00000000f0300000,0x00000000f0300000,0x00000000f0f00000)
 ParOldGen       total 99840K, used 18572K [0x00000000c0000000, 0x00000000c6180000, 0x00000000eab00000)
  object space 99840K, 18% used [0x00000000c0000000,0x00000000c1223008,0x00000000c6180000)
 Metaspace       used 42157K, capacity 42924K, committed 43136K, reserved 1087488K
  class space    used 5803K, capacity 5947K, committed 6016K, reserved 1048576K
Event: 36.690 GC heap after
Heap after GC invocations=15 (full 2):
 PSYoungGen      total 102400K, used 12261K [0x00000000eab00000, 0x00000000f2e00000, 0x0000000100000000)
  eden space 90112K, 0% used [0x00000000eab00000,0x00000000eab00000,0x00000000f0300000)
  from space 12288K, 99% used [0x00000000f0300000,0x00000000f0ef97c8,0x00000000f0f00000)
  to   space 14336K, 0% used [0x00000000f2000000,0x00000000f2000000,0x00000000f2e00000)
 ParOldGen       total 99840K, used 20570K [0x00000000c0000000, 0x00000000c6180000, 0x00000000eab00000)
  object space 99840K, 20% used [0x00000000c0000000,0x00000000c1416b50,0x00000000c6180000)
 Metaspace       used 42157K, capacity 42924K, committed 43136K, reserved 1087488K
  class space    used 5803K, capacity 5947K, committed 6016K, reserved 1048576K
}
Event: 49.081 GC heap before
{Heap before GC invocations=16 (full 2):
 PSYoungGen      total 102400K, used 102373K [0x00000000eab00000, 0x00000000f2e00000, 0x0000000100000000)
  eden space 90112K, 100% used [0x00000000eab00000,0x00000000f0300000,0x00000000f0300000)
  from space 12288K, 99% used [0x00000000f0300000,0x00000000f0ef97c8,0x00000000f0f00000)
  to   space 14336K, 0% used [0x00000000f2000000,0x00000000f2000000,0x00000000f2e00000)
 ParOldGen       total 99840K, used 20570K [0x00000000c0000000, 0x00000000c6180000, 0x00000000eab00000)
  object space 99840K, 20% used [0x00000000c0000000,0x00000000c1416b50,0x00000000c6180000)
 Metaspace       used 48033K, capacity 49008K, committed 49280K, reserved 1091584K
  class space    used 6670K, capacity 6971K, committed 7040K, reserved 1048576K
Event: 49.096 GC heap after
Heap after GC invocations=16 (full 2):
 PSYoungGen      total 115712K, used 14324K [0x00000000eab00000, 0x00000000f3480000, 0x0000000100000000)
  eden space 101376K, 0% used [0x00000000eab00000,0x00000000eab00000,0x00000000f0e00000)
  from space 14336K, 99% used [0x00000000f2000000,0x00000000f2dfd198,0x00000000f2e00000)
  to   space 18432K, 0% used [0x00000000f0e00000,0x00000000f0e00000,0x00000000f2000000)
 ParOldGen       total 99840K, used 27020K [0x00000000c0000000, 0x00000000c6180000, 0x00000000eab00000)
  object space 99840K, 27% used [0x00000000c0000000,0x00000000c1a63048,0x00000000c6180000)
 Metaspace       used 48033K, capacity 49008K, committed 49280K, reserved 1091584K
  class space    used 6670K, capacity 6971K, committed 7040K, reserved 1048576K
}
Event: 66.821 GC heap before
{Heap before GC invocations=17 (full 2):
 PSYoungGen      total 115712K, used 115700K [0x00000000eab00000, 0x00000000f3480000, 0x0000000100000000)
  eden space 101376K, 100% used [0x00000000eab00000,0x00000000f0e00000,0x00000000f0e00000)
  from space 14336K, 99% used [0x00000000f2000000,0x00000000f2dfd198,0x00000000f2e00000)
  to   space 18432K, 0% used [0x00000000f0e00000,0x00000000f0e00000,0x00000000f2000000)
 ParOldGen       total 99840K, used 27020K [0x00000000c0000000, 0x00000000c6180000, 0x00000000eab00000)
  object space 99840K, 27% used [0x00000000c0000000,0x00000000c1a63048,0x00000000c6180000)
 Metaspace       used 55179K, capacity 56358K, committed 56576K, reserved 1097728K
  class space    used 7465K, capacity 7810K, committed 7936K, reserved 1048576K
Event: 66.837 GC heap after
Heap after GC invocations=17 (full 2):
 PSYoungGen      total 119808K, used 18429K [0x00000000eab00000, 0x00000000f4600000, 0x0000000100000000)
  eden space 101376K, 0% used [0x00000000eab00000,0x00000000eab00000,0x00000000f0e00000)
  from space 18432K, 99% used [0x00000000f0e00000,0x00000000f1fff6b8,0x00000000f2000000)
  to   space 22016K, 0% used [0x00000000f3080000,0x00000000f3080000,0x00000000f4600000)
 ParOldGen       total 99840K, used 29467K [0x00000000c0000000, 0x00000000c6180000, 0x00000000eab00000)
  object space 99840K, 29% used [0x00000000c0000000,0x00000000c1cc6ee8,0x00000000c6180000)
 Metaspace       used 55179K, capacity 56358K, committed 56576K, reserved 1097728K
  class space    used 7465K, capacity 7810K, committed 7936K, reserved 1048576K
}
Event: 73.375 GC heap before
{Heap before GC invocations=18 (full 2):
 PSYoungGen      total 119808K, used 119805K [0x00000000eab00000, 0x00000000f4600000, 0x0000000100000000)
  eden space 101376K, 100% used [0x00000000eab00000,0x00000000f0e00000,0x00000000f0e00000)
  from space 18432K, 99% used [0x00000000f0e00000,0x00000000f1fff6b8,0x00000000f2000000)
  to   space 22016K, 0% used [0x00000000f3080000,0x00000000f3080000,0x00000000f4600000)
 ParOldGen       total 99840K, used 29467K [0x00000000c0000000, 0x00000000c6180000, 0x00000000eab00000)
  object space 99840K, 29% used [0x00000000c0000000,0x00000000c1cc6ee8,0x00000000c6180000)
 Metaspace       used 56774K, capacity 58016K, committed 58112K, reserved 1099776K
  class space    used 7610K, capacity 7925K, committed 7936K, reserved 1048576K
Event: 73.396 GC heap after
Heap after GC invocations=18 (full 2):
 PSYoungGen      total 133632K, used 21993K [0x00000000eab00000, 0x00000000f4d00000, 0x0000000100000000)
  eden space 111616K, 0% used [0x00000000eab00000,0x00000000eab00000,0x00000000f1800000)
  from space 22016K, 99% used [0x00000000f3080000,0x00000000f45fa468,0x00000000f4600000)
  to   space 25088K, 0% used [0x00000000f1800000,0x00000000f1800000,0x00000000f3080000)
 ParOldGen       total 99840K, used 29539K [0x00000000c0000000, 0x00000000c6180000, 0x00000000eab00000)
  object space 99840K, 29% used [0x00000000c0000000,0x00000000c1cd8ee8,0x00000000c6180000)
 Metaspace       used 56774K, capacity 58016K, committed 58112K, reserved 1099776K
  class space    used 7610K, capacity 7925K, committed 7936K, reserved 1048576K
}

