# JRE version: Java(TM) SE Runtime Environment (8.0_101-b13) (build 1.8.0_101-b13)
# Java VM: Java HotSpot(TM) 64-Bit Server VM (25.101-b13 mixed mode windows-amd64 compressed oops)
Heap:
 PSYoungGen      total 42496K, used 19072K [0x00000000eab00000, 0x00000000eea00000, 0x0000000100000000)
  eden space 28672K, 19% used [0x00000000eab00000,0x00000000eb0768f0,0x00000000ec700000)
  from space 13824K, 97% used [0x00000000eca00000,0x00000000ed7297b0,0x00000000ed780000)
  to   space 17920K, 0% used [0x00000000ed880000,0x00000000ed880000,0x00000000eea00000)
 ParOldGen       total 53760K, used 32711K [0x00000000c0000000, 0x00000000c3480000, 0x00000000eab00000)
  object space 53760K, 60% used [0x00000000c0000000,0x00000000c1ff1e68,0x00000000c3480000)
 Metaspace       used 54797K, capacity 55996K, committed 56320K, reserved 1097728K
  class space    used 7440K, capacity 7811K, committed 7936K, reserved 1048576K
GC Heap History (10 events):
Event: 122.485 GC heap before
{Heap before GC invocations=25 (full 2):
 PSYoungGen      total 33792K, used 33778K [0x00000000eab00000, 0x00000000edb00000, 0x0000000100000000)
  eden space 22528K, 100% used [0x00000000eab00000,0x00000000ec100000,0x00000000ec100000)
  from space 11264K, 99% used [0x00000000ecd80000,0x00000000ed87c818,0x00000000ed880000)
  to   space 12800K, 0% used [0x00000000ec100000,0x00000000ec100000,0x00000000ecd80000)
 ParOldGen       total 53760K, used 19050K [0x00000000c0000000, 0x00000000c3480000, 0x00000000eab00000)
  object space 53760K, 35% used [0x00000000c0000000,0x00000000c129a9a0,0x00000000c3480000)
 Metaspace       used 43868K, capacity 44668K, committed 44800K, reserved 1087488K
  class space    used 6094K, capacity 6296K, committed 6400K, reserved 1048576K
Event: 122.497 GC heap after
Heap after GC invocations=25 (full 2):
 PSYoungGen      total 35328K, used 12224K [0x00000000eab00000, 0x00000000ee580000, 0x0000000100000000)
  eden space 22528K, 0% used [0x00000000eab00000,0x00000000eab00000,0x00000000ec100000)
  from space 12800K, 95% used [0x00000000ec100000,0x00000000eccf0030,0x00000000ecd80000)
  to   space 14336K, 0% used [0x00000000ed780000,0x00000000ed780000,0x00000000ee580000)
 ParOldGen       total 53760K, used 21189K [0x00000000c0000000, 0x00000000c3480000, 0x00000000eab00000)
  object space 53760K, 39% used [0x00000000c0000000,0x00000000c14b1768,0x00000000c3480000)
 Metaspace       used 43868K, capacity 44668K, committed 44800K, reserved 1087488K
  class space    used 6094K, capacity 6296K, committed 6400K, reserved 1048576K
}
Event: 126.464 GC heap before
{Heap before GC invocations=26 (full 2):
 PSYoungGen      total 35328K, used 34752K [0x00000000eab00000, 0x00000000ee580000, 0x0000000100000000)
  eden space 22528K, 100% used [0x00000000eab00000,0x00000000ec100000,0x00000000ec100000)
  from space 12800K, 95% used [0x00000000ec100000,0x00000000eccf0030,0x00000000ecd80000)
  to   space 14336K, 0% used [0x00000000ed780000,0x00000000ed780000,0x00000000ee580000)
 ParOldGen       total 53760K, used 21189K [0x00000000c0000000, 0x00000000c3480000, 0x00000000eab00000)
  object space 53760K, 39% used [0x00000000c0000000,0x00000000c14b1768,0x00000000c3480000)
 Metaspace       used 45770K, capacity 46640K, committed 46848K, reserved 1089536K
  class space    used 6367K, capacity 6653K, committed 6656K, reserved 1048576K
Event: 126.476 GC heap after
Heap after GC invocations=26 (full 2):
 PSYoungGen      total 44032K, used 13404K [0x00000000eab00000, 0x00000000ee800000, 0x0000000100000000)
  eden space 29696K, 0% used [0x00000000eab00000,0x00000000eab00000,0x00000000ec800000)
  from space 14336K, 93% used [0x00000000ed780000,0x00000000ee4971d8,0x00000000ee580000)
  to   space 15872K, 0% used [0x00000000ec800000,0x00000000ec800000,0x00000000ed780000)
 ParOldGen       total 53760K, used 22627K [0x00000000c0000000, 0x00000000c3480000, 0x00000000eab00000)
  object space 53760K, 42% used [0x00000000c0000000,0x00000000c1618df0,0x00000000c3480000)
 Metaspace       used 45770K, capacity 46640K, committed 46848K, reserved 1089536K
  class space    used 6367K, capacity 6653K, committed 6656K, reserved 1048576K
}
Event: 135.536 GC heap before
{Heap before GC invocations=27 (full 2):
 PSYoungGen      total 44032K, used 43100K [0x00000000eab00000, 0x00000000ee800000, 0x0000000100000000)
  eden space 29696K, 100% used [0x00000000eab00000,0x00000000ec800000,0x00000000ec800000)
  from space 14336K, 93% used [0x00000000ed780000,0x00000000ee4971d8,0x00000000ee580000)
  to   space 15872K, 0% used [0x00000000ec800000,0x00000000ec800000,0x00000000ed780000)
 ParOldGen       total 53760K, used 22627K [0x00000000c0000000, 0x00000000c3480000, 0x00000000eab00000)
  object space 53760K, 42% used [0x00000000c0000000,0x00000000c1618df0,0x00000000c3480000)
 Metaspace       used 48679K, capacity 49586K, committed 49920K, reserved 1091584K
  class space    used 6752K, capacity 7070K, committed 7168K, reserved 1048576K
Event: 135.548 GC heap after
Heap after GC invocations=27 (full 2):
 PSYoungGen      total 45568K, used 13262K [0x00000000eab00000, 0x00000000ef200000, 0x0000000100000000)
  eden space 29696K, 0% used [0x00000000eab00000,0x00000000eab00000,0x00000000ec800000)
  from space 15872K, 83% used [0x00000000ec800000,0x00000000ed4f3990,0x00000000ed780000)
  to   space 17408K, 0% used [0x00000000ee100000,0x00000000ee100000,0x00000000ef200000)
 ParOldGen       total 53760K, used 24023K [0x00000000c0000000, 0x00000000c3480000, 0x00000000eab00000)
  object space 53760K, 44% used [0x00000000c0000000,0x00000000c1775c18,0x00000000c3480000)
 Metaspace       used 48679K, capacity 49586K, committed 49920K, reserved 1091584K
  class space    used 6752K, capacity 7070K, committed 7168K, reserved 1048576K
}
Event: 147.398 GC heap before
{Heap before GC invocations=28 (full 2):
 PSYoungGen      total 45568K, used 42958K [0x00000000eab00000, 0x00000000ef200000, 0x0000000100000000)
  eden space 29696K, 100% used [0x00000000eab00000,0x00000000ec800000,0x00000000ec800000)
  from space 15872K, 83% used [0x00000000ec800000,0x00000000ed4f3990,0x00000000ed780000)
  to   space 17408K, 0% used [0x00000000ee100000,0x00000000ee100000,0x00000000ef200000)
 ParOldGen       total 53760K, used 24023K [0x00000000c0000000, 0x00000000c3480000, 0x00000000eab00000)
  object space 53760K, 44% used [0x00000000c0000000,0x00000000c1775c18,0x00000000c3480000)
 Metaspace       used 53112K, capacity 54300K, committed 54400K, reserved 1095680K
  class space    used 7348K, capacity 7715K, committed 7808K, reserved 1048576K
Event: 147.409 GC heap after
Heap after GC invocations=28 (full 2):
 PSYoungGen      total 39424K, used 10052K [0x00000000eab00000, 0x00000000eeb00000, 0x0000000100000000)
  eden space 29184K, 0% used [0x00000000eab00000,0x00000000eab00000,0x00000000ec780000)
  from space 10240K, 98% used [0x00000000ee100000,0x00000000eead1118,0x00000000eeb00000)
  to   space 16896K, 0% used [0x00000000eca00000,0x00000000eca00000,0x00000000eda80000)
 ParOldGen       total 53760K, used 28107K [0x00000000c0000000, 0x00000000c3480000, 0x00000000eab00000)
  object space 53760K, 52% used [0x00000000c0000000,0x00000000c1b72e18,0x00000000c3480000)
 Metaspace       used 53112K, capacity 54300K, committed 54400K, reserved 1095680K
  class space    used 7348K, capacity 7715K, committed 7808K, reserved 1048576K
}
Event: 157.736 GC heap before
{Heap before GC invocations=29 (full 2):
 PSYoungGen      total 39424K, used 39236K [0x00000000eab00000, 0x00000000eeb00000, 0x0000000100000000)
  eden space 29184K, 100% used [0x00000000eab00000,0x00000000ec780000,0x00000000ec780000)
  from space 10240K, 98% used [0x00000000ee100000,0x00000000eead1118,0x00000000eeb00000)
  to   space 16896K, 0% used [0x00000000eca00000,0x00000000eca00000,0x00000000eda80000)
 ParOldGen       total 53760K, used 28107K [0x00000000c0000000, 0x00000000c3480000, 0x00000000eab00000)
  object space 53760K, 52% used [0x00000000c0000000,0x00000000c1b72e18,0x00000000c3480000)
 Metaspace       used 54513K, capacity 55708K, committed 55936K, reserved 1097728K
  class space    used 7437K, capacity 7779K, committed 7808K, reserved 1048576K
Event: 157.749 GC heap after
Heap after GC invocations=29 (full 2):
 PSYoungGen      total 42496K, used 13477K [0x00000000eab00000, 0x00000000eea00000, 0x0000000100000000)
  eden space 28672K, 0% used [0x00000000eab00000,0x00000000eab00000,0x00000000ec700000)
  from space 13824K, 97% used [0x00000000eca00000,0x00000000ed7297b0,0x00000000ed780000)
  to   space 17920K, 0% used [0x00000000ed880000,0x00000000ed880000,0x00000000eea00000)
 ParOldGen       total 53760K, used 32711K [0x00000000c0000000, 0x00000000c3480000, 0x00000000eab00000)
  object space 53760K, 60% used [0x00000000c0000000,0x00000000c1ff1e68,0x00000000c3480000)
 Metaspace       used 54513K, capacity 55708K, committed 55936K, reserved 1097728K
  class space    used 7437K, capacity 7779K, committed 7808K, reserved 1048576K
}

