# JRE version: Java(TM) SE Runtime Environment (8.0_101-b13) (build 1.8.0_101-b13)
# Java VM: Java HotSpot(TM) 64-Bit Server VM (25.101-b13 mixed mode windows-amd64 compressed oops)
Heap:
 PSYoungGen      total 272384K, used 223281K [0x00000000eab00000, 0x00000000fda80000, 0x0000000100000000)
  eden space 249856K, 84% used [0x00000000eab00000,0x00000000f781b620,0x00000000f9f00000)
  from space 22528K, 58% used [0x00000000f9f00000,0x00000000fabf1178,0x00000000fb500000)
  to   space 22528K, 0% used [0x00000000fc480000,0x00000000fc480000,0x00000000fda80000)
 ParOldGen       total 97792K, used 39531K [0x00000000c0000000, 0x00000000c5f80000, 0x00000000eab00000)
  object space 97792K, 40% used [0x00000000c0000000,0x00000000c269ac18,0x00000000c5f80000)
 Metaspace       used 61533K, capacity 63768K, committed 64000K, reserved 1105920K
  class space    used 7994K, capacity 8413K, committed 8448K, reserved 1048576K
GC Heap History (10 events):
Event: 215.840 GC heap before
{Heap before GC invocations=19 (full 3):
 PSYoungGen      total 217600K, used 85903K [0x00000000eab00000, 0x00000000fb580000, 0x0000000100000000)
  eden space 192000K, 40% used [0x00000000eab00000,0x00000000ef7246e8,0x00000000f6680000)
  from space 25600K, 30% used [0x00000000f6680000,0x00000000f6e3f538,0x00000000f7f80000)
  to   space 24576K, 0% used [0x00000000f9d80000,0x00000000f9d80000,0x00000000fb580000)
 ParOldGen       total 97792K, used 45349K [0x00000000c0000000, 0x00000000c5f80000, 0x00000000eab00000)
  object space 97792K, 46% used [0x00000000c0000000,0x00000000c2c496c8,0x00000000c5f80000)
 Metaspace       used 59872K, capacity 61478K, committed 61824K, reserved 1103872K
  class space    used 7875K, capacity 8222K, committed 8320K, reserved 1048576K
Event: 215.849 GC heap after
Heap after GC invocations=19 (full 3):
 PSYoungGen      total 248320K, used 4559K [0x00000000eab00000, 0x00000000fb580000, 0x0000000100000000)
  eden space 223744K, 0% used [0x00000000eab00000,0x00000000eab00000,0x00000000f8580000)
  from space 24576K, 18% used [0x00000000f9d80000,0x00000000fa1f3c60,0x00000000fb580000)
  to   space 24576K, 0% used [0x00000000f8580000,0x00000000f8580000,0x00000000f9d80000)
 ParOldGen       total 97792K, used 45357K [0x00000000c0000000, 0x00000000c5f80000, 0x00000000eab00000)
  object space 97792K, 46% used [0x00000000c0000000,0x00000000c2c4b6c8,0x00000000c5f80000)
 Metaspace       used 59872K, capacity 61478K, committed 61824K, reserved 1103872K
  class space    used 7875K, capacity 8222K, committed 8320K, reserved 1048576K
}
Event: 215.849 GC heap before
{Heap before GC invocations=20 (full 4):
 PSYoungGen      total 248320K, used 4559K [0x00000000eab00000, 0x00000000fb580000, 0x0000000100000000)
  eden space 223744K, 0% used [0x00000000eab00000,0x00000000eab00000,0x00000000f8580000)
  from space 24576K, 18% used [0x00000000f9d80000,0x00000000fa1f3c60,0x00000000fb580000)
  to   space 24576K, 0% used [0x00000000f8580000,0x00000000f8580000,0x00000000f9d80000)
 ParOldGen       total 97792K, used 45357K [0x00000000c0000000, 0x00000000c5f80000, 0x00000000eab00000)
  object space 97792K, 46% used [0x00000000c0000000,0x00000000c2c4b6c8,0x00000000c5f80000)
 Metaspace       used 59872K, capacity 61478K, committed 61824K, reserved 1103872K
  class space    used 7875K, capacity 8222K, committed 8320K, reserved 1048576K
Event: 216.083 GC heap after
Heap after GC invocations=20 (full 4):
 PSYoungGen      total 248320K, used 0K [0x00000000eab00000, 0x00000000fb580000, 0x0000000100000000)
  eden space 223744K, 0% used [0x00000000eab00000,0x00000000eab00000,0x00000000f8580000)
  from space 24576K, 0% used [0x00000000f9d80000,0x00000000f9d80000,0x00000000fb580000)
  to   space 24576K, 0% used [0x00000000f8580000,0x00000000f8580000,0x00000000f9d80000)
 ParOldGen       total 97792K, used 39507K [0x00000000c0000000, 0x00000000c5f80000, 0x00000000eab00000)
  object space 97792K, 40% used [0x00000000c0000000,0x00000000c2694c18,0x00000000c5f80000)
 Metaspace       used 59671K, capacity 61230K, committed 61824K, reserved 1103872K
  class space    used 7852K, capacity 8182K, committed 8320K, reserved 1048576K
}
Event: 245.427 GC heap before
{Heap before GC invocations=21 (full 4):
 PSYoungGen      total 248320K, used 223744K [0x00000000eab00000, 0x00000000fb580000, 0x0000000100000000)
  eden space 223744K, 100% used [0x00000000eab00000,0x00000000f8580000,0x00000000f8580000)
  from space 24576K, 0% used [0x00000000f9d80000,0x00000000f9d80000,0x00000000fb580000)
  to   space 24576K, 0% used [0x00000000f8580000,0x00000000f8580000,0x00000000f9d80000)
 ParOldGen       total 97792K, used 39507K [0x00000000c0000000, 0x00000000c5f80000, 0x00000000eab00000)
  object space 97792K, 40% used [0x00000000c0000000,0x00000000c2694c18,0x00000000c5f80000)
 Metaspace       used 60125K, capacity 61764K, committed 62080K, reserved 1103872K
  class space    used 7871K, capacity 8211K, committed 8320K, reserved 1048576K
Event: 245.434 GC heap after
Heap after GC invocations=21 (full 4):
 PSYoungGen      total 248320K, used 11334K [0x00000000eab00000, 0x00000000fd100000, 0x0000000100000000)
  eden space 223744K, 0% used [0x00000000eab00000,0x00000000eab00000,0x00000000f8580000)
  from space 24576K, 46% used [0x00000000f8580000,0x00000000f9091990,0x00000000f9d80000)
  to   space 23552K, 0% used [0x00000000fba00000,0x00000000fba00000,0x00000000fd100000)
 ParOldGen       total 97792K, used 39515K [0x00000000c0000000, 0x00000000c5f80000, 0x00000000eab00000)
  object space 97792K, 40% used [0x00000000c0000000,0x00000000c2696c18,0x00000000c5f80000)
 Metaspace       used 60125K, capacity 61764K, committed 62080K, reserved 1103872K
  class space    used 7871K, capacity 8211K, committed 8320K, reserved 1048576K
}
Event: 251.645 GC heap before
{Heap before GC invocations=22 (full 4):
 PSYoungGen      total 248320K, used 235078K [0x00000000eab00000, 0x00000000fd100000, 0x0000000100000000)
  eden space 223744K, 100% used [0x00000000eab00000,0x00000000f8580000,0x00000000f8580000)
  from space 24576K, 46% used [0x00000000f8580000,0x00000000f9091990,0x00000000f9d80000)
  to   space 23552K, 0% used [0x00000000fba00000,0x00000000fba00000,0x00000000fd100000)
 ParOldGen       total 97792K, used 39515K [0x00000000c0000000, 0x00000000c5f80000, 0x00000000eab00000)
  object space 97792K, 40% used [0x00000000c0000000,0x00000000c2696c18,0x00000000c5f80000)
 Metaspace       used 60501K, capacity 62388K, committed 62592K, reserved 1103872K
  class space    used 7901K, capacity 8255K, committed 8320K, reserved 1048576K
Event: 251.656 GC heap after
Heap after GC invocations=22 (full 4):
 PSYoungGen      total 267264K, used 9524K [0x00000000eab00000, 0x00000000fcb00000, 0x0000000100000000)
  eden space 249856K, 0% used [0x00000000eab00000,0x00000000eab00000,0x00000000f9f00000)
  from space 17408K, 54% used [0x00000000fba00000,0x00000000fc34d250,0x00000000fcb00000)
  to   space 22528K, 0% used [0x00000000f9f00000,0x00000000f9f00000,0x00000000fb500000)
 ParOldGen       total 97792K, used 39523K [0x00000000c0000000, 0x00000000c5f80000, 0x00000000eab00000)
  object space 97792K, 40% used [0x00000000c0000000,0x00000000c2698c18,0x00000000c5f80000)
 Metaspace       used 60501K, capacity 62388K, committed 62592K, reserved 1103872K
  class space    used 7901K, capacity 8255K, committed 8320K, reserved 1048576K
}
Event: 264.311 GC heap before
{Heap before GC invocations=23 (full 4):
 PSYoungGen      total 267264K, used 259380K [0x00000000eab00000, 0x00000000fcb00000, 0x0000000100000000)
  eden space 249856K, 100% used [0x00000000eab00000,0x00000000f9f00000,0x00000000f9f00000)
  from space 17408K, 54% used [0x00000000fba00000,0x00000000fc34d250,0x00000000fcb00000)
  to   space 22528K, 0% used [0x00000000f9f00000,0x00000000f9f00000,0x00000000fb500000)
 ParOldGen       total 97792K, used 39523K [0x00000000c0000000, 0x00000000c5f80000, 0x00000000eab00000)
  object space 97792K, 40% used [0x00000000c0000000,0x00000000c2698c18,0x00000000c5f80000)
 Metaspace       used 60953K, capacity 63100K, committed 63232K, reserved 1103872K
  class space    used 7950K, capacity 8335K, committed 8448K, reserved 1048576K
Event: 264.320 GC heap after
Heap after GC invocations=23 (full 4):
 PSYoungGen      total 272384K, used 13252K [0x00000000eab00000, 0x00000000fda80000, 0x0000000100000000)
  eden space 249856K, 0% used [0x00000000eab00000,0x00000000eab00000,0x00000000f9f00000)
  from space 22528K, 58% used [0x00000000f9f00000,0x00000000fabf1178,0x00000000fb500000)
  to   space 22528K, 0% used [0x00000000fc480000,0x00000000fc480000,0x00000000fda80000)
 ParOldGen       total 97792K, used 39531K [0x00000000c0000000, 0x00000000c5f80000, 0x00000000eab00000)
  object space 97792K, 40% used [0x00000000c0000000,0x00000000c269ac18,0x00000000c5f80000)
 Metaspace       used 60953K, capacity 63100K, committed 63232K, reserved 1103872K
  class space    used 7950K, capacity 8335K, committed 8448K, reserved 1048576K
}

